<?xml version="1.0" encoding="UTF-8"?>
<coverage generated="1660871960879" clover="3.2.0">
  <project timestamp="1660871960879" name="All files">
    <metrics statements="115" coveredstatements="110" conditionals="32" coveredconditionals="27" methods="55" coveredmethods="51" elements="202" coveredelements="188" complexity="0" loc="115" ncloc="115" packages="17" files="33" classes="33"/>
    <package name="src">
      <metrics statements="1" coveredstatements="0" conditionals="0" coveredconditionals="0" methods="0" coveredmethods="0"/>
      <file name="main.jsx" path="I:\CursoJS\UdemyJS\React-Nextjs\project-6-lp-front\src\main.jsx">
        <metrics statements="1" coveredstatements="0" conditionals="0" coveredconditionals="0" methods="0" coveredmethods="0"/>
        <line num="9" count="0" type="stmt"/>
      </file>
    </package>
    <package name="src.components.Footer">
      <metrics statements="5" coveredstatements="5" conditionals="0" coveredconditionals="0" methods="2" coveredmethods="2"/>
      <file name="index.jsx" path="I:\CursoJS\UdemyJS\React-Nextjs\project-6-lp-front\src\components\Footer\index.jsx">
        <metrics statements="3" coveredstatements="3" conditionals="0" coveredconditionals="0" methods="1" coveredmethods="1"/>
        <line num="6" count="3" type="stmt"/>
        <line num="7" count="3" type="stmt"/>
        <line num="15" count="3" type="stmt"/>
      </file>
      <file name="styles.js" path="I:\CursoJS\UdemyJS\React-Nextjs\project-6-lp-front\src\components\Footer\styles.js">
        <metrics statements="2" coveredstatements="2" conditionals="0" coveredconditionals="0" methods="1" coveredmethods="1"/>
        <line num="5" count="3" type="stmt"/>
        <line num="6" count="3" type="stmt"/>
      </file>
    </package>
    <package name="src.components.GoTop">
      <metrics statements="4" coveredstatements="4" conditionals="0" coveredconditionals="0" methods="2" coveredmethods="2"/>
      <file name="index.jsx" path="I:\CursoJS\UdemyJS\React-Nextjs\project-6-lp-front\src\components\GoTop\index.jsx">
        <metrics statements="2" coveredstatements="2" conditionals="0" coveredconditionals="0" methods="1" coveredmethods="1"/>
        <line num="5" count="3" type="stmt"/>
        <line num="6" count="3" type="stmt"/>
      </file>
      <file name="styles.js" path="I:\CursoJS\UdemyJS\React-Nextjs\project-6-lp-front\src\components\GoTop\styles.js">
        <metrics statements="2" coveredstatements="2" conditionals="0" coveredconditionals="0" methods="1" coveredmethods="1"/>
        <line num="3" count="3" type="stmt"/>
        <line num="4" count="3" type="stmt"/>
      </file>
    </package>
    <package name="src.components.GridContent">
      <metrics statements="7" coveredstatements="7" conditionals="1" coveredconditionals="1" methods="3" coveredmethods="3"/>
      <file name="index.jsx" path="I:\CursoJS\UdemyJS\React-Nextjs\project-6-lp-front\src\components\GridContent\index.jsx">
        <metrics statements="3" coveredstatements="3" conditionals="1" coveredconditionals="1" methods="1" coveredmethods="1"/>
        <line num="6" count="1" type="cond" truecount="1" falsecount="0"/>
        <line num="7" count="2" type="stmt"/>
        <line num="20" count="1" type="stmt"/>
      </file>
      <file name="styles.js" path="I:\CursoJS\UdemyJS\React-Nextjs\project-6-lp-front\src\components\GridContent\styles.js">
        <metrics statements="4" coveredstatements="4" conditionals="0" coveredconditionals="0" methods="2" coveredmethods="2"/>
        <line num="3" count="1" type="stmt"/>
        <line num="4" count="2" type="stmt"/>
        <line num="11" count="1" type="stmt"/>
        <line num="12" count="2" type="stmt"/>
      </file>
    </package>
    <package name="src.components.GridImage">
      <metrics statements="12" coveredstatements="12" conditionals="1" coveredconditionals="1" methods="6" coveredmethods="6"/>
      <file name="index.jsx" path="I:\CursoJS\UdemyJS\React-Nextjs\project-6-lp-front\src\components\GridImage\index.jsx">
        <metrics statements="4" coveredstatements="4" conditionals="1" coveredconditionals="1" methods="2" coveredmethods="2"/>
        <line num="6" count="1" type="cond" truecount="1" falsecount="0"/>
        <line num="7" count="2" type="stmt"/>
        <line num="16" count="12" type="stmt"/>
        <line num="25" count="1" type="stmt"/>
      </file>
      <file name="styles.js" path="I:\CursoJS\UdemyJS\React-Nextjs\project-6-lp-front\src\components\GridImage\styles.js">
        <metrics statements="8" coveredstatements="8" conditionals="0" coveredconditionals="0" methods="4" coveredmethods="4"/>
        <line num="4" count="1" type="stmt"/>
        <line num="5" count="2" type="stmt"/>
        <line num="10" count="1" type="stmt"/>
        <line num="11" count="2" type="stmt"/>
        <line num="19" count="1" type="stmt"/>
        <line num="20" count="12" type="stmt"/>
        <line num="25" count="1" type="stmt"/>
        <line num="26" count="12" type="stmt"/>
      </file>
    </package>
    <package name="src.components.GridText">
      <metrics statements="10" coveredstatements="10" conditionals="1" coveredconditionals="1" methods="5" coveredmethods="5"/>
      <file name="index.jsx" path="I:\CursoJS\UdemyJS\React-Nextjs\project-6-lp-front\src\components\GridText\index.jsx">
        <metrics statements="4" coveredstatements="4" conditionals="1" coveredconditionals="1" methods="2" coveredmethods="2"/>
        <line num="7" count="3" type="cond" truecount="1" falsecount="0"/>
        <line num="8" count="14" type="stmt"/>
        <line num="17" count="42" type="stmt"/>
        <line num="29" count="3" type="stmt"/>
      </file>
      <file name="styles.js" path="I:\CursoJS\UdemyJS\React-Nextjs\project-6-lp-front\src\components\GridText\styles.js">
        <metrics statements="6" coveredstatements="6" conditionals="0" coveredconditionals="0" methods="3" coveredmethods="3"/>
        <line num="4" count="3" type="stmt"/>
        <line num="5" count="14" type="stmt"/>
        <line num="10" count="3" type="stmt"/>
        <line num="11" count="14" type="stmt"/>
        <line num="23" count="3" type="stmt"/>
        <line num="24" count="42" type="stmt"/>
      </file>
    </package>
    <package name="src.components.GridTwoColumn">
      <metrics statements="11" coveredstatements="11" conditionals="1" coveredconditionals="1" methods="5" coveredmethods="5"/>
      <file name="index.jsx" path="I:\CursoJS\UdemyJS\React-Nextjs\project-6-lp-front\src\components\GridTwoColumn\index.jsx">
        <metrics statements="3" coveredstatements="3" conditionals="1" coveredconditionals="1" methods="1" coveredmethods="1"/>
        <line num="7" count="1" type="cond" truecount="1" falsecount="0"/>
        <line num="8" count="1" type="stmt"/>
        <line num="24" count="1" type="stmt"/>
      </file>
      <file name="styles.js" path="I:\CursoJS\UdemyJS\React-Nextjs\project-6-lp-front\src\components\GridTwoColumn\styles.js">
        <metrics statements="8" coveredstatements="8" conditionals="0" coveredconditionals="0" methods="4" coveredmethods="4"/>
        <line num="4" count="1" type="stmt"/>
        <line num="5" count="1" type="stmt"/>
        <line num="22" count="1" type="stmt"/>
        <line num="23" count="1" type="stmt"/>
        <line num="30" count="1" type="stmt"/>
        <line num="31" count="1" type="stmt"/>
        <line num="34" count="1" type="stmt"/>
        <line num="35" count="1" type="stmt"/>
      </file>
    </package>
    <package name="src.components.Heading">
      <metrics statements="12" coveredstatements="11" conditionals="8" coveredconditionals="8" methods="8" coveredmethods="7"/>
      <file name="index.jsx" path="I:\CursoJS\UdemyJS\React-Nextjs\project-6-lp-front\src\components\Heading\index.jsx">
        <metrics statements="3" coveredstatements="3" conditionals="4" coveredconditionals="4" methods="1" coveredmethods="1"/>
        <line num="5" count="9" type="stmt"/>
        <line num="12" count="75" type="stmt"/>
        <line num="24" count="9" type="stmt"/>
      </file>
      <file name="styles.js" path="I:\CursoJS\UdemyJS\React-Nextjs\project-6-lp-front\src\components\Heading\styles.js">
        <metrics statements="9" coveredstatements="8" conditionals="4" coveredconditionals="4" methods="7" coveredmethods="6"/>
        <line num="3" count="9" type="stmt"/>
        <line num="4" count="9" type="stmt"/>
        <line num="7" count="42" type="stmt"/>
        <line num="10" count="0" type="stmt"/>
        <line num="13" count="24" type="stmt"/>
        <line num="19" count="24" type="stmt"/>
        <line num="25" count="75" type="stmt"/>
        <line num="29" count="9" type="stmt"/>
        <line num="30" count="75" type="stmt"/>
      </file>
    </package>
    <package name="src.components.LogoLink">
      <metrics statements="5" coveredstatements="5" conditionals="5" coveredconditionals="5" methods="2" coveredmethods="2"/>
      <file name="index.jsx" path="I:\CursoJS\UdemyJS\React-Nextjs\project-6-lp-front\src\components\LogoLink\index.jsx">
        <metrics statements="3" coveredstatements="3" conditionals="5" coveredconditionals="5" methods="1" coveredmethods="1"/>
        <line num="5" count="4" type="cond" truecount="1" falsecount="0"/>
        <line num="6" count="8" type="stmt"/>
        <line num="15" count="4" type="stmt"/>
      </file>
      <file name="styles.js" path="I:\CursoJS\UdemyJS\React-Nextjs\project-6-lp-front\src\components\LogoLink\styles.js">
        <metrics statements="2" coveredstatements="2" conditionals="0" coveredconditionals="0" methods="1" coveredmethods="1"/>
        <line num="3" count="4" type="stmt"/>
        <line num="4" count="8" type="stmt"/>
      </file>
    </package>
    <package name="src.components.Menu">
      <metrics statements="13" coveredstatements="11" conditionals="7" coveredconditionals="4" methods="7" coveredmethods="4"/>
      <file name="index.jsx" path="I:\CursoJS\UdemyJS\React-Nextjs\project-6-lp-front\src\components\Menu\index.jsx">
        <metrics statements="6" coveredstatements="4" conditionals="3" coveredconditionals="2" methods="3" coveredmethods="1"/>
        <line num="10" count="3" type="cond" truecount="1" falsecount="0"/>
        <line num="11" count="5" type="stmt"/>
        <line num="13" count="5" type="stmt"/>
        <line num="17" count="0" type="stmt"/>
        <line num="26" count="0" type="stmt"/>
        <line num="37" count="3" type="stmt"/>
      </file>
      <file name="styles.js" path="I:\CursoJS\UdemyJS\React-Nextjs\project-6-lp-front\src\components\Menu\styles.js">
        <metrics statements="7" coveredstatements="7" conditionals="4" coveredconditionals="2" methods="4" coveredmethods="3"/>
        <line num="5" count="3" type="stmt"/>
        <line num="10" count="3" type="stmt"/>
        <line num="11" count="5" type="stmt"/>
        <line num="56" count="3" type="stmt"/>
        <line num="57" count="5" type="stmt"/>
        <line num="70" count="3" type="stmt"/>
        <line num="71" count="5" type="stmt"/>
      </file>
    </package>
    <package name="src.components.MenuLink">
      <metrics statements="6" coveredstatements="6" conditionals="3" coveredconditionals="3" methods="2" coveredmethods="2"/>
      <file name="index.jsx" path="I:\CursoJS\UdemyJS\React-Nextjs\project-6-lp-front\src\components\MenuLink\index.jsx">
        <metrics statements="4" coveredstatements="4" conditionals="3" coveredconditionals="3" methods="1" coveredmethods="1"/>
        <line num="3" count="5" type="cond" truecount="1" falsecount="0"/>
        <line num="4" count="73" type="cond" truecount="2" falsecount="0"/>
        <line num="6" count="73" type="stmt"/>
        <line num="12" count="5" type="stmt"/>
      </file>
      <file name="styles.js" path="I:\CursoJS\UdemyJS\React-Nextjs\project-6-lp-front\src\components\MenuLink\styles.js">
        <metrics statements="2" coveredstatements="2" conditionals="0" coveredconditionals="0" methods="1" coveredmethods="1"/>
        <line num="3" count="5" type="stmt"/>
        <line num="4" count="73" type="stmt"/>
      </file>
    </package>
    <package name="src.components.NavLinks">
      <metrics statements="6" coveredstatements="6" conditionals="1" coveredconditionals="1" methods="3" coveredmethods="3"/>
      <file name="index.jsx" path="I:\CursoJS\UdemyJS\React-Nextjs\project-6-lp-front\src\components\NavLinks\index.jsx">
        <metrics statements="4" coveredstatements="4" conditionals="1" coveredconditionals="1" methods="2" coveredmethods="2"/>
        <line num="5" count="4" type="cond" truecount="1" falsecount="0"/>
        <line num="6" count="9" type="stmt"/>
        <line num="9" count="70" type="stmt"/>
        <line num="14" count="4" type="stmt"/>
      </file>
      <file name="styles.js" path="I:\CursoJS\UdemyJS\React-Nextjs\project-6-lp-front\src\components\NavLinks\styles.js">
        <metrics statements="2" coveredstatements="2" conditionals="0" coveredconditionals="0" methods="1" coveredmethods="1"/>
        <line num="3" count="4" type="stmt"/>
        <line num="4" count="9" type="stmt"/>
      </file>
    </package>
    <package name="src.components.SectionBackgroud">
      <metrics statements="6" coveredstatements="6" conditionals="3" coveredconditionals="2" methods="3" coveredmethods="3"/>
      <file name="index.jsx" path="I:\CursoJS\UdemyJS\React-Nextjs\project-6-lp-front\src\components\SectionBackgroud\index.jsx">
        <metrics statements="3" coveredstatements="3" conditionals="1" coveredconditionals="0" methods="1" coveredmethods="1"/>
        <line num="5" count="7" type="cond" truecount="0" falsecount="1"/>
        <line num="6" count="19" type="stmt"/>
        <line num="12" count="7" type="stmt"/>
      </file>
      <file name="styles.js" path="I:\CursoJS\UdemyJS\React-Nextjs\project-6-lp-front\src\components\SectionBackgroud\styles.js">
        <metrics statements="3" coveredstatements="3" conditionals="2" coveredconditionals="2" methods="2" coveredmethods="2"/>
        <line num="3" count="7" type="stmt"/>
        <line num="8" count="7" type="stmt"/>
        <line num="9" count="19" type="stmt"/>
      </file>
    </package>
    <package name="src.components.SectionContainer">
      <metrics statements="5" coveredstatements="5" conditionals="0" coveredconditionals="0" methods="2" coveredmethods="2"/>
      <file name="index.jsx" path="I:\CursoJS\UdemyJS\React-Nextjs\project-6-lp-front\src\components\SectionContainer\index.jsx">
        <metrics statements="3" coveredstatements="3" conditionals="0" coveredconditionals="0" methods="1" coveredmethods="1"/>
        <line num="3" count="10" type="stmt"/>
        <line num="4" count="28" type="stmt"/>
        <line num="6" count="10" type="stmt"/>
      </file>
      <file name="styles.js" path="I:\CursoJS\UdemyJS\React-Nextjs\project-6-lp-front\src\components\SectionContainer\styles.js">
        <metrics statements="2" coveredstatements="2" conditionals="0" coveredconditionals="0" methods="1" coveredmethods="1"/>
        <line num="3" count="10" type="stmt"/>
        <line num="4" count="28" type="stmt"/>
      </file>
    </package>
    <package name="src.components.TextComponent">
      <metrics statements="5" coveredstatements="5" conditionals="0" coveredconditionals="0" methods="2" coveredmethods="2"/>
      <file name="index.jsx" path="I:\CursoJS\UdemyJS\React-Nextjs\project-6-lp-front\src\components\TextComponent\index.jsx">
        <metrics statements="3" coveredstatements="3" conditionals="0" coveredconditionals="0" methods="1" coveredmethods="1"/>
        <line num="3" count="7" type="stmt"/>
        <line num="4" count="64" type="stmt"/>
        <line num="6" count="7" type="stmt"/>
      </file>
      <file name="styles.js" path="I:\CursoJS\UdemyJS\React-Nextjs\project-6-lp-front\src\components\TextComponent\styles.js">
        <metrics statements="2" coveredstatements="2" conditionals="0" coveredconditionals="0" methods="1" coveredmethods="1"/>
        <line num="3" count="7" type="stmt"/>
        <line num="4" count="64" type="stmt"/>
      </file>
    </package>
    <package name="src.templates.App">
      <metrics statements="2" coveredstatements="1" conditionals="0" coveredconditionals="0" methods="1" coveredmethods="1"/>
      <file name="index.jsx" path="I:\CursoJS\UdemyJS\React-Nextjs\project-6-lp-front\src\templates\App\index.jsx">
        <metrics statements="1" coveredstatements="1" conditionals="0" coveredconditionals="0" methods="1" coveredmethods="1"/>
        <line num="5" count="1" type="stmt"/>
      </file>
      <file name="styles.js" path="I:\CursoJS\UdemyJS\React-Nextjs\project-6-lp-front\src\templates\App\styles.js">
        <metrics statements="1" coveredstatements="0" conditionals="0" coveredconditionals="0" methods="0" coveredmethods="0"/>
        <line num="3" count="0" type="stmt"/>
      </file>
    </package>
    <package name="src.templates.Base">
      <metrics statements="5" coveredstatements="5" conditionals="1" coveredconditionals="0" methods="2" coveredmethods="2"/>
      <file name="index.jsx" path="I:\CursoJS\UdemyJS\React-Nextjs\project-6-lp-front\src\templates\Base\index.jsx">
        <metrics statements="3" coveredstatements="3" conditionals="1" coveredconditionals="0" methods="1" coveredmethods="1"/>
        <line num="7" count="2" type="cond" truecount="0" falsecount="1"/>
        <line num="8" count="2" type="stmt"/>
        <line num="19" count="2" type="stmt"/>
      </file>
      <file name="styles.js" path="I:\CursoJS\UdemyJS\React-Nextjs\project-6-lp-front\src\templates\Base\styles.js">
        <metrics statements="2" coveredstatements="2" conditionals="0" coveredconditionals="0" methods="1" coveredmethods="1"/>
        <line num="4" count="2" type="stmt"/>
        <line num="5" count="2" type="stmt"/>
      </file>
    </package>
  </project>
</coverage>
