<?xml version="1.0" encoding="UTF-8"?>
<coverage generated="1660596963775" clover="3.2.0">
  <project timestamp="1660596963776" name="All files">
    <metrics statements="17" coveredstatements="10" conditionals="8" coveredconditionals="0" methods="10" coveredmethods="1" elements="35" coveredelements="11" complexity="0" loc="17" ncloc="17" packages="3" files="6" classes="6"/>
    <package name="components.Heading">
      <metrics statements="12" coveredstatements="6" conditionals="8" coveredconditionals="0" methods="8" coveredmethods="0"/>
      <file name="index.jsx" path="I:\CursoJS\UdemyJS\React-Nextjs\project-6-lp-front\src\components\Heading\index.jsx">
        <metrics statements="3" coveredstatements="2" conditionals="4" coveredconditionals="0" methods="1" coveredmethods="0"/>
        <line num="5" count="2" type="stmt"/>
        <line num="12" count="0" type="stmt"/>
        <line num="24" count="2" type="stmt"/>
      </file>
      <file name="styles.js" path="I:\CursoJS\UdemyJS\React-Nextjs\project-6-lp-front\src\components\Heading\styles.js">
        <metrics statements="9" coveredstatements="4" conditionals="4" coveredconditionals="0" methods="7" coveredmethods="0"/>
        <line num="3" count="2" type="stmt"/>
        <line num="4" count="0" type="stmt"/>
        <line num="7" count="0" type="stmt"/>
        <line num="10" count="0" type="stmt"/>
        <line num="13" count="0" type="stmt"/>
        <line num="19" count="2" type="stmt"/>
        <line num="25" count="2" type="stmt"/>
        <line num="29" count="2" type="stmt"/>
        <line num="30" count="0" type="stmt"/>
      </file>
    </package>
    <package name="styles">
      <metrics statements="3" coveredstatements="3" conditionals="0" coveredconditionals="0" methods="1" coveredmethods="1"/>
      <file name="render-theme.js" path="I:\CursoJS\UdemyJS\React-Nextjs\project-6-lp-front\src\styles\render-theme.js">
        <metrics statements="2" coveredstatements="2" conditionals="0" coveredconditionals="0" methods="1" coveredmethods="1"/>
        <line num="5" count="2" type="stmt"/>
        <line num="6" count="7" type="stmt"/>
      </file>
      <file name="theme.js" path="I:\CursoJS\UdemyJS\React-Nextjs\project-6-lp-front\src\styles\theme.js">
        <metrics statements="1" coveredstatements="1" conditionals="0" coveredconditionals="0" methods="0" coveredmethods="0"/>
        <line num="1" count="2" type="stmt"/>
      </file>
    </package>
    <package name="templates.App">
      <metrics statements="2" coveredstatements="1" conditionals="0" coveredconditionals="0" methods="1" coveredmethods="0"/>
      <file name="index.jsx" path="I:\CursoJS\UdemyJS\React-Nextjs\project-6-lp-front\src\templates\App\index.jsx">
        <metrics statements="1" coveredstatements="0" conditionals="0" coveredconditionals="0" methods="1" coveredmethods="0"/>
        <line num="5" count="0" type="stmt"/>
      </file>
      <file name="styles.js" path="I:\CursoJS\UdemyJS\React-Nextjs\project-6-lp-front\src\templates\App\styles.js">
        <metrics statements="1" coveredstatements="1" conditionals="0" coveredconditionals="0" methods="0" coveredmethods="0"/>
        <line num="3" count="1" type="stmt"/>
      </file>
    </package>
  </project>
</coverage>
