{"I:\\CursoJS\\UdemyJS\\React-Nextjs\\project-6-lp-front\\src\\components\\Heading\\index.jsx": {"path":"I:\\CursoJS\\UdemyJS\\React-Nextjs\\project-6-lp-front\\src\\components\\Heading\\index.jsx","statementMap":{"0":{"start":{"line":5,"column":23},"end":{"line":22,"column":1}},"1":{"start":{"line":12,"column":2},"end":{"line":21,"column":4}},"2":{"start":{"line":24,"column":0},"end":{"line":30,"column":2}}},"fnMap":{"0":{"name":"(anonymous_0)","decl":{"start":{"line":5,"column":23},"end":{"line":5,"column":24}},"loc":{"start":{"line":11,"column":6},"end":{"line":22,"column":1}},"line":11}},"branchMap":{"0":{"loc":{"start":{"line":7,"column":2},"end":{"line":7,"column":18}},"type":"default-arg","locations":[{"start":{"line":7,"column":14},"end":{"line":7,"column":18}}],"line":7},"1":{"loc":{"start":{"line":8,"column":2},"end":{"line":8,"column":11}},"type":"default-arg","locations":[{"start":{"line":8,"column":7},"end":{"line":8,"column":11}}],"line":8},"2":{"loc":{"start":{"line":9,"column":2},"end":{"line":9,"column":15}},"type":"default-arg","locations":[{"start":{"line":9,"column":9},"end":{"line":9,"column":15}}],"line":9},"3":{"loc":{"start":{"line":10,"column":2},"end":{"line":10,"column":19}},"type":"default-arg","locations":[{"start":{"line":10,"column":14},"end":{"line":10,"column":19}}],"line":10}},"s":{"0":2,"1":0,"2":2},"f":{"0":0},"b":{"0":[0],"1":[0],"2":[0],"3":[0]},"_coverageSchema":"1a1c01bbd47fc00a2c39e90264f33305004495a9","hash":"500aaff2df501c0425e7b3f455a507af7d18a18c"}
,"I:\\CursoJS\\UdemyJS\\React-Nextjs\\project-6-lp-front\\src\\components\\Heading\\styles.js": {"path":"I:\\CursoJS\\UdemyJS\\React-Nextjs\\project-6-lp-front\\src\\components\\Heading\\styles.js","statementMap":{"0":{"start":{"line":3,"column":18},"end":{"line":17,"column":1}},"1":{"start":{"line":4,"column":20},"end":{"line":6,"column":3}},"2":{"start":{"line":7,"column":21},"end":{"line":9,"column":3}},"3":{"start":{"line":10,"column":18},"end":{"line":12,"column":3}},"4":{"start":{"line":13,"column":19},"end":{"line":16,"column":3}},"5":{"start":{"line":19,"column":18},"end":{"line":23,"column":1}},"6":{"start":{"line":19,"column":29},"end":{"line":23,"column":1}},"7":{"start":{"line":25,"column":18},"end":{"line":27,"column":1}},"8":{"start":{"line":25,"column":33},"end":{"line":27,"column":1}},"9":{"start":{"line":29,"column":21},"end":{"line":35,"column":1}},"10":{"start":{"line":30,"column":47},"end":{"line":34,"column":3}}},"fnMap":{"0":{"name":"(anonymous_0)","decl":{"start":{"line":4,"column":9},"end":{"line":4,"column":10}},"loc":{"start":{"line":4,"column":20},"end":{"line":6,"column":3}},"line":4},"1":{"name":"(anonymous_1)","decl":{"start":{"line":7,"column":10},"end":{"line":7,"column":11}},"loc":{"start":{"line":7,"column":21},"end":{"line":9,"column":3}},"line":7},"2":{"name":"(anonymous_2)","decl":{"start":{"line":10,"column":7},"end":{"line":10,"column":8}},"loc":{"start":{"line":10,"column":18},"end":{"line":12,"column":3}},"line":10},"3":{"name":"(anonymous_3)","decl":{"start":{"line":13,"column":8},"end":{"line":13,"column":9}},"loc":{"start":{"line":13,"column":19},"end":{"line":16,"column":3}},"line":13},"4":{"name":"(anonymous_4)","decl":{"start":{"line":19,"column":18},"end":{"line":19,"column":19}},"loc":{"start":{"line":19,"column":29},"end":{"line":23,"column":1}},"line":19},"5":{"name":"(anonymous_5)","decl":{"start":{"line":25,"column":18},"end":{"line":25,"column":19}},"loc":{"start":{"line":25,"column":33},"end":{"line":27,"column":1}},"line":25},"6":{"name":"(anonymous_6)","decl":{"start":{"line":30,"column":4},"end":{"line":30,"column":5}},"loc":{"start":{"line":30,"column":47},"end":{"line":34,"column":3}},"line":30}},"branchMap":{"0":{"loc":{"start":{"line":26,"column":20},"end":{"line":26,"column":52}},"type":"cond-expr","locations":[{"start":{"line":26,"column":32},"end":{"line":26,"column":43}},{"start":{"line":26,"column":46},"end":{"line":26,"column":52}}],"line":26},"1":{"loc":{"start":{"line":31,"column":13},"end":{"line":31,"column":71}},"type":"cond-expr","locations":[{"start":{"line":31,"column":25},"end":{"line":31,"column":50}},{"start":{"line":31,"column":53},"end":{"line":31,"column":71}}],"line":31}},"s":{"0":2,"1":0,"2":0,"3":0,"4":0,"5":2,"6":0,"7":2,"8":0,"9":2,"10":0},"f":{"0":0,"1":0,"2":0,"3":0,"4":0,"5":0,"6":0},"b":{"0":[0,0],"1":[0,0]},"_coverageSchema":"1a1c01bbd47fc00a2c39e90264f33305004495a9","hash":"fbeb34726e11475e88c6940cf640f4e325b84f41"}
,"I:\\CursoJS\\UdemyJS\\React-Nextjs\\project-6-lp-front\\src\\styles\\render-theme.js": {"path":"I:\\CursoJS\\UdemyJS\\React-Nextjs\\project-6-lp-front\\src\\styles\\render-theme.js","statementMap":{"0":{"start":{"line":5,"column":27},"end":{"line":7,"column":1}},"1":{"start":{"line":6,"column":2},"end":{"line":6,"column":73}}},"fnMap":{"0":{"name":"(anonymous_0)","decl":{"start":{"line":5,"column":27},"end":{"line":5,"column":28}},"loc":{"start":{"line":5,"column":41},"end":{"line":7,"column":1}},"line":5}},"branchMap":{},"s":{"0":2,"1":7},"f":{"0":7},"b":{},"_coverageSchema":"1a1c01bbd47fc00a2c39e90264f33305004495a9","hash":"6485ad89d727591b0c2a2647f2635cb34e2eba8c"}
,"I:\\CursoJS\\UdemyJS\\React-Nextjs\\project-6-lp-front\\src\\styles\\theme.js": {"path":"I:\\CursoJS\\UdemyJS\\React-Nextjs\\project-6-lp-front\\src\\styles\\theme.js","statementMap":{"0":{"start":{"line":1,"column":21},"end":{"line":26,"column":1}}},"fnMap":{},"branchMap":{},"s":{"0":2},"f":{},"b":{},"_coverageSchema":"1a1c01bbd47fc00a2c39e90264f33305004495a9","hash":"c937c9ca4e2da82aea9bec80cfc5028652b58935"}
,"I:\\CursoJS\\UdemyJS\\React-Nextjs\\project-6-lp-front\\src\\templates\\App\\index.jsx": {"path":"I:\\CursoJS\\UdemyJS\\React-Nextjs\\project-6-lp-front\\src\\templates\\App\\index.jsx","statementMap":{"0":{"start":{"line":5,"column":2},"end":{"line":11,"column":4}}},"fnMap":{"0":{"name":"Home","decl":{"start":{"line":4,"column":9},"end":{"line":4,"column":13}},"loc":{"start":{"line":4,"column":16},"end":{"line":12,"column":1}},"line":4}},"branchMap":{},"s":{"0":0},"f":{"0":0},"b":{},"_coverageSchema":"1a1c01bbd47fc00a2c39e90264f33305004495a9","hash":"76362848d30ddf8b99ea909425418fcdc1befeac"}
,"I:\\CursoJS\\UdemyJS\\React-Nextjs\\project-6-lp-front\\src\\templates\\App\\styles.js": {"path":"I:\\CursoJS\\UdemyJS\\React-Nextjs\\project-6-lp-front\\src\\templates\\App\\styles.js","statementMap":{"0":{"start":{"line":3,"column":23},"end":{"line":5,"column":1}}},"fnMap":{},"branchMap":{},"s":{"0":1},"f":{},"b":{},"_coverageSchema":"1a1c01bbd47fc00a2c39e90264f33305004495a9","hash":"4ef23281683a2ac870a7f2b93a63f3186732bb0c"}
}
