{"I:\\CursoJS\\UdemyJS\\React-Nextjs\\project-6-lp-front\\src\\main.jsx": {"path":"I:\\CursoJS\\UdemyJS\\React-Nextjs\\project-6-lp-front\\src\\main.jsx","statementMap":{"0":{"start":{"line":9,"column":0},"end":{"line":17,"column":2}}},"fnMap":{},"branchMap":{},"s":{"0":0},"f":{},"b":{}}
,"I:\\CursoJS\\UdemyJS\\React-Nextjs\\project-6-lp-front\\src\\components\\Footer\\index.jsx": {"path":"I:\\CursoJS\\UdemyJS\\React-Nextjs\\project-6-lp-front\\src\\components\\Footer\\index.jsx","statementMap":{"0":{"start":{"line":6,"column":22},"end":{"line":14,"column":1}},"1":{"start":{"line":7,"column":2},"end":{"line":13,"column":4}},"2":{"start":{"line":15,"column":0},"end":{"line":17,"column":2}}},"fnMap":{"0":{"name":"(anonymous_0)","decl":{"start":{"line":6,"column":22},"end":{"line":6,"column":23}},"loc":{"start":{"line":6,"column":36},"end":{"line":14,"column":1}},"line":6}},"branchMap":{},"s":{"0":3,"1":3,"2":3},"f":{"0":3},"b":{},"_coverageSchema":"1a1c01bbd47fc00a2c39e90264f33305004495a9","hash":"83ef9f7b14e8499394144bdbe99888a949e0e9e4"}
,"I:\\CursoJS\\UdemyJS\\React-Nextjs\\project-6-lp-front\\src\\components\\Footer\\styles.js": {"path":"I:\\CursoJS\\UdemyJS\\React-Nextjs\\project-6-lp-front\\src\\components\\Footer\\styles.js","statementMap":{"0":{"start":{"line":5,"column":25},"end":{"line":24,"column":1}},"1":{"start":{"line":6,"column":19},"end":{"line":23,"column":3}}},"fnMap":{"0":{"name":"(anonymous_0)","decl":{"start":{"line":6,"column":4},"end":{"line":6,"column":5}},"loc":{"start":{"line":6,"column":19},"end":{"line":23,"column":3}},"line":6}},"branchMap":{},"s":{"0":3,"1":3},"f":{"0":3},"b":{},"_coverageSchema":"1a1c01bbd47fc00a2c39e90264f33305004495a9","hash":"756550521382b46009698c708320a36bc9379f72"}
,"I:\\CursoJS\\UdemyJS\\React-Nextjs\\project-6-lp-front\\src\\components\\GoTop\\index.jsx": {"path":"I:\\CursoJS\\UdemyJS\\React-Nextjs\\project-6-lp-front\\src\\components\\GoTop\\index.jsx","statementMap":{"0":{"start":{"line":5,"column":21},"end":{"line":11,"column":1}},"1":{"start":{"line":6,"column":2},"end":{"line":10,"column":4}}},"fnMap":{"0":{"name":"(anonymous_0)","decl":{"start":{"line":5,"column":21},"end":{"line":5,"column":22}},"loc":{"start":{"line":5,"column":27},"end":{"line":11,"column":1}},"line":5}},"branchMap":{},"s":{"0":3,"1":3},"f":{"0":3},"b":{},"_coverageSchema":"1a1c01bbd47fc00a2c39e90264f33305004495a9","hash":"edfe81472934215e2e9817ff056b37b1dfd19b1f"}
,"I:\\CursoJS\\UdemyJS\\React-Nextjs\\project-6-lp-front\\src\\components\\GoTop\\styles.js": {"path":"I:\\CursoJS\\UdemyJS\\React-Nextjs\\project-6-lp-front\\src\\components\\GoTop\\styles.js","statementMap":{"0":{"start":{"line":3,"column":25},"end":{"line":18,"column":1}},"1":{"start":{"line":4,"column":19},"end":{"line":17,"column":3}}},"fnMap":{"0":{"name":"(anonymous_0)","decl":{"start":{"line":4,"column":4},"end":{"line":4,"column":5}},"loc":{"start":{"line":4,"column":19},"end":{"line":17,"column":3}},"line":4}},"branchMap":{},"s":{"0":3,"1":3},"f":{"0":3},"b":{},"_coverageSchema":"1a1c01bbd47fc00a2c39e90264f33305004495a9","hash":"7292a4b11169824c7f0d080d1a006cd959f05673"}
,"I:\\CursoJS\\UdemyJS\\React-Nextjs\\project-6-lp-front\\src\\components\\GridContent\\index.jsx": {"path":"I:\\CursoJS\\UdemyJS\\React-Nextjs\\project-6-lp-front\\src\\components\\GridContent\\index.jsx","statementMap":{"0":{"start":{"line":6,"column":27},"end":{"line":19,"column":1}},"1":{"start":{"line":7,"column":2},"end":{"line":18,"column":4}},"2":{"start":{"line":20,"column":0},"end":{"line":24,"column":2}}},"fnMap":{"0":{"name":"(anonymous_0)","decl":{"start":{"line":6,"column":27},"end":{"line":6,"column":28}},"loc":{"start":{"line":6,"column":68},"end":{"line":19,"column":1}},"line":6}},"branchMap":{"0":{"loc":{"start":{"line":6,"column":43},"end":{"line":6,"column":61}},"type":"default-arg","locations":[{"start":{"line":6,"column":56},"end":{"line":6,"column":61}}],"line":6}},"s":{"0":1,"1":2,"2":1},"f":{"0":2},"b":{"0":[1]},"_coverageSchema":"1a1c01bbd47fc00a2c39e90264f33305004495a9","hash":"f12e2ec02fb9f43a09ef1f8cc5af4adafaee645e"}
,"I:\\CursoJS\\UdemyJS\\React-Nextjs\\project-6-lp-front\\src\\components\\GridContent\\styles.js": {"path":"I:\\CursoJS\\UdemyJS\\React-Nextjs\\project-6-lp-front\\src\\components\\GridContent\\styles.js","statementMap":{"0":{"start":{"line":3,"column":25},"end":{"line":9,"column":1}},"1":{"start":{"line":4,"column":19},"end":{"line":8,"column":3}},"2":{"start":{"line":11,"column":20},"end":{"line":15,"column":1}},"3":{"start":{"line":12,"column":19},"end":{"line":14,"column":3}}},"fnMap":{"0":{"name":"(anonymous_0)","decl":{"start":{"line":4,"column":4},"end":{"line":4,"column":5}},"loc":{"start":{"line":4,"column":19},"end":{"line":8,"column":3}},"line":4},"1":{"name":"(anonymous_1)","decl":{"start":{"line":12,"column":4},"end":{"line":12,"column":5}},"loc":{"start":{"line":12,"column":19},"end":{"line":14,"column":3}},"line":12}},"branchMap":{},"s":{"0":1,"1":2,"2":1,"3":2},"f":{"0":2,"1":2},"b":{},"_coverageSchema":"1a1c01bbd47fc00a2c39e90264f33305004495a9","hash":"d46e406ceade02da0c15defc15f9543397b429ec"}
,"I:\\CursoJS\\UdemyJS\\React-Nextjs\\project-6-lp-front\\src\\components\\GridImage\\index.jsx": {"path":"I:\\CursoJS\\UdemyJS\\React-Nextjs\\project-6-lp-front\\src\\components\\GridImage\\index.jsx","statementMap":{"0":{"start":{"line":6,"column":25},"end":{"line":24,"column":1}},"1":{"start":{"line":7,"column":2},"end":{"line":23,"column":4}},"2":{"start":{"line":16,"column":12},"end":{"line":18,"column":33}},"3":{"start":{"line":25,"column":0},"end":{"line":35,"column":2}}},"fnMap":{"0":{"name":"(anonymous_0)","decl":{"start":{"line":6,"column":25},"end":{"line":6,"column":26}},"loc":{"start":{"line":6,"column":79},"end":{"line":24,"column":1}},"line":6},"1":{"name":"(anonymous_1)","decl":{"start":{"line":15,"column":20},"end":{"line":15,"column":21}},"loc":{"start":{"line":16,"column":12},"end":{"line":18,"column":33}},"line":16}},"branchMap":{"0":{"loc":{"start":{"line":6,"column":54},"end":{"line":6,"column":72}},"type":"default-arg","locations":[{"start":{"line":6,"column":67},"end":{"line":6,"column":72}}],"line":6}},"s":{"0":1,"1":2,"2":12,"3":1},"f":{"0":2,"1":12},"b":{"0":[1]},"_coverageSchema":"1a1c01bbd47fc00a2c39e90264f33305004495a9","hash":"993bf3ff5e20ca69b94f0d9bfa6381a50905be59"}
,"I:\\CursoJS\\UdemyJS\\React-Nextjs\\project-6-lp-front\\src\\components\\GridImage\\styles.js": {"path":"I:\\CursoJS\\UdemyJS\\React-Nextjs\\project-6-lp-front\\src\\components\\GridImage\\styles.js","statementMap":{"0":{"start":{"line":4,"column":25},"end":{"line":8,"column":1}},"1":{"start":{"line":5,"column":19},"end":{"line":7,"column":3}},"2":{"start":{"line":10,"column":20},"end":{"line":17,"column":1}},"3":{"start":{"line":11,"column":19},"end":{"line":16,"column":3}},"4":{"start":{"line":19,"column":27},"end":{"line":23,"column":1}},"5":{"start":{"line":20,"column":19},"end":{"line":22,"column":3}},"6":{"start":{"line":25,"column":21},"end":{"line":34,"column":1}},"7":{"start":{"line":26,"column":19},"end":{"line":33,"column":3}}},"fnMap":{"0":{"name":"(anonymous_0)","decl":{"start":{"line":5,"column":4},"end":{"line":5,"column":5}},"loc":{"start":{"line":5,"column":19},"end":{"line":7,"column":3}},"line":5},"1":{"name":"(anonymous_1)","decl":{"start":{"line":11,"column":4},"end":{"line":11,"column":5}},"loc":{"start":{"line":11,"column":19},"end":{"line":16,"column":3}},"line":11},"2":{"name":"(anonymous_2)","decl":{"start":{"line":20,"column":4},"end":{"line":20,"column":5}},"loc":{"start":{"line":20,"column":19},"end":{"line":22,"column":3}},"line":20},"3":{"name":"(anonymous_3)","decl":{"start":{"line":26,"column":4},"end":{"line":26,"column":5}},"loc":{"start":{"line":26,"column":19},"end":{"line":33,"column":3}},"line":26}},"branchMap":{},"s":{"0":1,"1":2,"2":1,"3":2,"4":1,"5":12,"6":1,"7":12},"f":{"0":2,"1":2,"2":12,"3":12},"b":{},"_coverageSchema":"1a1c01bbd47fc00a2c39e90264f33305004495a9","hash":"ff581d8a85dfb10e3874a70240dbe15c8b8dcb88"}
,"I:\\CursoJS\\UdemyJS\\React-Nextjs\\project-6-lp-front\\src\\components\\GridText\\index.jsx": {"path":"I:\\CursoJS\\UdemyJS\\React-Nextjs\\project-6-lp-front\\src\\components\\GridText\\index.jsx","statementMap":{"0":{"start":{"line":7,"column":24},"end":{"line":28,"column":1}},"1":{"start":{"line":8,"column":2},"end":{"line":27,"column":4}},"2":{"start":{"line":17,"column":12},"end":{"line":22,"column":33}},"3":{"start":{"line":29,"column":0},"end":{"line":39,"column":2}}},"fnMap":{"0":{"name":"(anonymous_0)","decl":{"start":{"line":7,"column":24},"end":{"line":7,"column":25}},"loc":{"start":{"line":7,"column":78},"end":{"line":28,"column":1}},"line":7},"1":{"name":"(anonymous_1)","decl":{"start":{"line":16,"column":20},"end":{"line":16,"column":21}},"loc":{"start":{"line":17,"column":12},"end":{"line":22,"column":33}},"line":17}},"branchMap":{"0":{"loc":{"start":{"line":7,"column":53},"end":{"line":7,"column":71}},"type":"default-arg","locations":[{"start":{"line":7,"column":66},"end":{"line":7,"column":71}}],"line":7}},"s":{"0":3,"1":14,"2":42,"3":3},"f":{"0":14,"1":42},"b":{"0":[1]},"_coverageSchema":"1a1c01bbd47fc00a2c39e90264f33305004495a9","hash":"ec18b02ff4087ce7cc6a369b6d9bb3088dd7a797"}
,"I:\\CursoJS\\UdemyJS\\React-Nextjs\\project-6-lp-front\\src\\components\\GridText\\styles.js": {"path":"I:\\CursoJS\\UdemyJS\\React-Nextjs\\project-6-lp-front\\src\\components\\GridText\\styles.js","statementMap":{"0":{"start":{"line":4,"column":25},"end":{"line":8,"column":1}},"1":{"start":{"line":5,"column":19},"end":{"line":7,"column":3}},"2":{"start":{"line":10,"column":20},"end":{"line":21,"column":1}},"3":{"start":{"line":11,"column":19},"end":{"line":20,"column":3}},"4":{"start":{"line":23,"column":27},"end":{"line":41,"column":1}},"5":{"start":{"line":24,"column":19},"end":{"line":40,"column":3}}},"fnMap":{"0":{"name":"(anonymous_0)","decl":{"start":{"line":5,"column":4},"end":{"line":5,"column":5}},"loc":{"start":{"line":5,"column":19},"end":{"line":7,"column":3}},"line":5},"1":{"name":"(anonymous_1)","decl":{"start":{"line":11,"column":4},"end":{"line":11,"column":5}},"loc":{"start":{"line":11,"column":19},"end":{"line":20,"column":3}},"line":11},"2":{"name":"(anonymous_2)","decl":{"start":{"line":24,"column":4},"end":{"line":24,"column":5}},"loc":{"start":{"line":24,"column":19},"end":{"line":40,"column":3}},"line":24}},"branchMap":{},"s":{"0":3,"1":14,"2":3,"3":14,"4":3,"5":42},"f":{"0":14,"1":14,"2":42},"b":{},"_coverageSchema":"1a1c01bbd47fc00a2c39e90264f33305004495a9","hash":"c429ad33465c2340d2aec8aa6d95d5e1255934f0"}
,"I:\\CursoJS\\UdemyJS\\React-Nextjs\\project-6-lp-front\\src\\components\\GridTwoColumn\\index.jsx": {"path":"I:\\CursoJS\\UdemyJS\\React-Nextjs\\project-6-lp-front\\src\\components\\GridTwoColumn\\index.jsx","statementMap":{"0":{"start":{"line":7,"column":29},"end":{"line":23,"column":1}},"1":{"start":{"line":8,"column":2},"end":{"line":22,"column":4}},"2":{"start":{"line":24,"column":0},"end":{"line":29,"column":2}}},"fnMap":{"0":{"name":"(anonymous_0)","decl":{"start":{"line":7,"column":29},"end":{"line":7,"column":30}},"loc":{"start":{"line":7,"column":78},"end":{"line":23,"column":1}},"line":7}},"branchMap":{"0":{"loc":{"start":{"line":7,"column":53},"end":{"line":7,"column":71}},"type":"default-arg","locations":[{"start":{"line":7,"column":66},"end":{"line":7,"column":71}}],"line":7}},"s":{"0":1,"1":1,"2":1},"f":{"0":1},"b":{"0":[1]},"_coverageSchema":"1a1c01bbd47fc00a2c39e90264f33305004495a9","hash":"ff4a92c7883be0ee14e3b1f2228bce612761260a"}
,"I:\\CursoJS\\UdemyJS\\React-Nextjs\\project-6-lp-front\\src\\components\\GridTwoColumn\\styles.js": {"path":"I:\\CursoJS\\UdemyJS\\React-Nextjs\\project-6-lp-front\\src\\components\\GridTwoColumn\\styles.js","statementMap":{"0":{"start":{"line":4,"column":25},"end":{"line":20,"column":1}},"1":{"start":{"line":5,"column":31},"end":{"line":19,"column":3}},"2":{"start":{"line":22,"column":29},"end":{"line":28,"column":1}},"3":{"start":{"line":23,"column":19},"end":{"line":27,"column":6}},"4":{"start":{"line":30,"column":30},"end":{"line":32,"column":1}},"5":{"start":{"line":31,"column":19},"end":{"line":31,"column":24}},"6":{"start":{"line":34,"column":21},"end":{"line":36,"column":1}},"7":{"start":{"line":35,"column":19},"end":{"line":35,"column":24}}},"fnMap":{"0":{"name":"(anonymous_0)","decl":{"start":{"line":5,"column":4},"end":{"line":5,"column":5}},"loc":{"start":{"line":5,"column":31},"end":{"line":19,"column":3}},"line":5},"1":{"name":"(anonymous_1)","decl":{"start":{"line":23,"column":4},"end":{"line":23,"column":5}},"loc":{"start":{"line":23,"column":19},"end":{"line":27,"column":6}},"line":23},"2":{"name":"(anonymous_2)","decl":{"start":{"line":31,"column":4},"end":{"line":31,"column":5}},"loc":{"start":{"line":31,"column":19},"end":{"line":31,"column":24}},"line":31},"3":{"name":"(anonymous_3)","decl":{"start":{"line":35,"column":4},"end":{"line":35,"column":5}},"loc":{"start":{"line":35,"column":19},"end":{"line":35,"column":24}},"line":35}},"branchMap":{},"s":{"0":1,"1":1,"2":1,"3":1,"4":1,"5":1,"6":1,"7":1},"f":{"0":1,"1":1,"2":1,"3":1},"b":{},"_coverageSchema":"1a1c01bbd47fc00a2c39e90264f33305004495a9","hash":"be1a21cbaa4a3999332f63f7018454fa2ca075e3"}
,"I:\\CursoJS\\UdemyJS\\React-Nextjs\\project-6-lp-front\\src\\components\\Heading\\index.jsx": {"path":"I:\\CursoJS\\UdemyJS\\React-Nextjs\\project-6-lp-front\\src\\components\\Heading\\index.jsx","statementMap":{"0":{"start":{"line":5,"column":23},"end":{"line":22,"column":1}},"1":{"start":{"line":12,"column":2},"end":{"line":21,"column":4}},"2":{"start":{"line":24,"column":0},"end":{"line":30,"column":2}}},"fnMap":{"0":{"name":"(anonymous_0)","decl":{"start":{"line":5,"column":23},"end":{"line":5,"column":24}},"loc":{"start":{"line":11,"column":6},"end":{"line":22,"column":1}},"line":11}},"branchMap":{"0":{"loc":{"start":{"line":7,"column":2},"end":{"line":7,"column":18}},"type":"default-arg","locations":[{"start":{"line":7,"column":14},"end":{"line":7,"column":18}}],"line":7},"1":{"loc":{"start":{"line":8,"column":2},"end":{"line":8,"column":11}},"type":"default-arg","locations":[{"start":{"line":8,"column":7},"end":{"line":8,"column":11}}],"line":8},"2":{"loc":{"start":{"line":9,"column":2},"end":{"line":9,"column":15}},"type":"default-arg","locations":[{"start":{"line":9,"column":9},"end":{"line":9,"column":15}}],"line":9},"3":{"loc":{"start":{"line":10,"column":2},"end":{"line":10,"column":19}},"type":"default-arg","locations":[{"start":{"line":10,"column":14},"end":{"line":10,"column":19}}],"line":10}},"s":{"0":9,"1":75,"2":9},"f":{"0":75},"b":{"0":[13],"1":[13],"2":[7],"3":[47]},"_coverageSchema":"1a1c01bbd47fc00a2c39e90264f33305004495a9","hash":"500aaff2df501c0425e7b3f455a507af7d18a18c"}
,"I:\\CursoJS\\UdemyJS\\React-Nextjs\\project-6-lp-front\\src\\components\\Heading\\styles.js": {"path":"I:\\CursoJS\\UdemyJS\\React-Nextjs\\project-6-lp-front\\src\\components\\Heading\\styles.js","statementMap":{"0":{"start":{"line":3,"column":18},"end":{"line":17,"column":1}},"1":{"start":{"line":4,"column":20},"end":{"line":6,"column":3}},"2":{"start":{"line":7,"column":21},"end":{"line":9,"column":3}},"3":{"start":{"line":10,"column":18},"end":{"line":12,"column":3}},"4":{"start":{"line":13,"column":19},"end":{"line":16,"column":3}},"5":{"start":{"line":19,"column":18},"end":{"line":23,"column":1}},"6":{"start":{"line":19,"column":29},"end":{"line":23,"column":1}},"7":{"start":{"line":25,"column":18},"end":{"line":27,"column":1}},"8":{"start":{"line":25,"column":33},"end":{"line":27,"column":1}},"9":{"start":{"line":29,"column":21},"end":{"line":35,"column":1}},"10":{"start":{"line":30,"column":47},"end":{"line":34,"column":3}}},"fnMap":{"0":{"name":"(anonymous_0)","decl":{"start":{"line":4,"column":9},"end":{"line":4,"column":10}},"loc":{"start":{"line":4,"column":20},"end":{"line":6,"column":3}},"line":4},"1":{"name":"(anonymous_1)","decl":{"start":{"line":7,"column":10},"end":{"line":7,"column":11}},"loc":{"start":{"line":7,"column":21},"end":{"line":9,"column":3}},"line":7},"2":{"name":"(anonymous_2)","decl":{"start":{"line":10,"column":7},"end":{"line":10,"column":8}},"loc":{"start":{"line":10,"column":18},"end":{"line":12,"column":3}},"line":10},"3":{"name":"(anonymous_3)","decl":{"start":{"line":13,"column":8},"end":{"line":13,"column":9}},"loc":{"start":{"line":13,"column":19},"end":{"line":16,"column":3}},"line":13},"4":{"name":"(anonymous_4)","decl":{"start":{"line":19,"column":18},"end":{"line":19,"column":19}},"loc":{"start":{"line":19,"column":29},"end":{"line":23,"column":1}},"line":19},"5":{"name":"(anonymous_5)","decl":{"start":{"line":25,"column":18},"end":{"line":25,"column":19}},"loc":{"start":{"line":25,"column":33},"end":{"line":27,"column":1}},"line":25},"6":{"name":"(anonymous_6)","decl":{"start":{"line":30,"column":4},"end":{"line":30,"column":5}},"loc":{"start":{"line":30,"column":47},"end":{"line":34,"column":3}},"line":30}},"branchMap":{"0":{"loc":{"start":{"line":26,"column":20},"end":{"line":26,"column":52}},"type":"cond-expr","locations":[{"start":{"line":26,"column":32},"end":{"line":26,"column":43}},{"start":{"line":26,"column":46},"end":{"line":26,"column":52}}],"line":26},"1":{"loc":{"start":{"line":31,"column":13},"end":{"line":31,"column":71}},"type":"cond-expr","locations":[{"start":{"line":31,"column":25},"end":{"line":31,"column":50}},{"start":{"line":31,"column":53},"end":{"line":31,"column":71}}],"line":31}},"s":{"0":9,"1":9,"2":42,"3":0,"4":24,"5":9,"6":24,"7":9,"8":75,"9":9,"10":75},"f":{"0":9,"1":42,"2":0,"3":24,"4":24,"5":75,"6":75},"b":{"0":[28,47],"1":[50,25]},"_coverageSchema":"1a1c01bbd47fc00a2c39e90264f33305004495a9","hash":"fbeb34726e11475e88c6940cf640f4e325b84f41"}
,"I:\\CursoJS\\UdemyJS\\React-Nextjs\\project-6-lp-front\\src\\components\\LogoLink\\index.jsx": {"path":"I:\\CursoJS\\UdemyJS\\React-Nextjs\\project-6-lp-front\\src\\components\\LogoLink\\index.jsx","statementMap":{"0":{"start":{"line":5,"column":24},"end":{"line":14,"column":1}},"1":{"start":{"line":6,"column":2},"end":{"line":13,"column":4}},"2":{"start":{"line":15,"column":0},"end":{"line":19,"column":2}}},"fnMap":{"0":{"name":"(anonymous_0)","decl":{"start":{"line":5,"column":24},"end":{"line":5,"column":25}},"loc":{"start":{"line":5,"column":57},"end":{"line":14,"column":1}},"line":5}},"branchMap":{"0":{"loc":{"start":{"line":5,"column":33},"end":{"line":5,"column":44}},"type":"default-arg","locations":[{"start":{"line":5,"column":42},"end":{"line":5,"column":44}}],"line":5},"1":{"loc":{"start":{"line":9,"column":9},"end":{"line":9,"column":52}},"type":"binary-expr","locations":[{"start":{"line":9,"column":9},"end":{"line":9,"column":17}},{"start":{"line":9,"column":21},"end":{"line":9,"column":52}}],"line":9},"2":{"loc":{"start":{"line":10,"column":9},"end":{"line":10,"column":39}},"type":"binary-expr","locations":[{"start":{"line":10,"column":9},"end":{"line":10,"column":16}},{"start":{"line":10,"column":20},"end":{"line":10,"column":39}}],"line":10}},"s":{"0":4,"1":8,"2":4},"f":{"0":8},"b":{"0":[6],"1":[8,2],"2":[8,6]},"_coverageSchema":"1a1c01bbd47fc00a2c39e90264f33305004495a9","hash":"493ef8e36c9c6f03fc1746e2a0589c426c374ee5"}
,"I:\\CursoJS\\UdemyJS\\React-Nextjs\\project-6-lp-front\\src\\components\\LogoLink\\styles.js": {"path":"I:\\CursoJS\\UdemyJS\\React-Nextjs\\project-6-lp-front\\src\\components\\LogoLink\\styles.js","statementMap":{"0":{"start":{"line":3,"column":25},"end":{"line":14,"column":1}},"1":{"start":{"line":4,"column":19},"end":{"line":13,"column":3}}},"fnMap":{"0":{"name":"(anonymous_0)","decl":{"start":{"line":4,"column":4},"end":{"line":4,"column":5}},"loc":{"start":{"line":4,"column":19},"end":{"line":13,"column":3}},"line":4}},"branchMap":{},"s":{"0":4,"1":8},"f":{"0":8},"b":{},"_coverageSchema":"1a1c01bbd47fc00a2c39e90264f33305004495a9","hash":"1646726a366f753ba5fefbfa9d0485da9776dc15"}
,"I:\\CursoJS\\UdemyJS\\React-Nextjs\\project-6-lp-front\\src\\components\\Menu\\index.jsx": {"path":"I:\\CursoJS\\UdemyJS\\React-Nextjs\\project-6-lp-front\\src\\components\\Menu\\index.jsx","statementMap":{"0":{"start":{"line":10,"column":20},"end":{"line":36,"column":1}},"1":{"start":{"line":11,"column":32},"end":{"line":11,"column":47}},"2":{"start":{"line":13,"column":2},"end":{"line":35,"column":4}},"3":{"start":{"line":17,"column":23},"end":{"line":17,"column":39}},"4":{"start":{"line":26,"column":57},"end":{"line":26,"column":74}},"5":{"start":{"line":37,"column":0},"end":{"line":40,"column":2}}},"fnMap":{"0":{"name":"(anonymous_0)","decl":{"start":{"line":10,"column":20},"end":{"line":10,"column":21}},"loc":{"start":{"line":10,"column":50},"end":{"line":36,"column":1}},"line":10},"1":{"name":"(anonymous_1)","decl":{"start":{"line":17,"column":17},"end":{"line":17,"column":18}},"loc":{"start":{"line":17,"column":23},"end":{"line":17,"column":39}},"line":17},"2":{"name":"(anonymous_2)","decl":{"start":{"line":26,"column":51},"end":{"line":26,"column":52}},"loc":{"start":{"line":26,"column":57},"end":{"line":26,"column":74}},"line":26}},"branchMap":{"0":{"loc":{"start":{"line":10,"column":23},"end":{"line":10,"column":33}},"type":"default-arg","locations":[{"start":{"line":10,"column":31},"end":{"line":10,"column":33}}],"line":10},"1":{"loc":{"start":{"line":20,"column":9},"end":{"line":24,"column":9}},"type":"cond-expr","locations":[{"start":{"line":21,"column":10},"end":{"line":21,"column":47}},{"start":{"line":23,"column":10},"end":{"line":23,"column":45}}],"line":20}},"s":{"0":3,"1":5,"2":5,"3":0,"4":0,"5":3},"f":{"0":5,"1":0,"2":0},"b":{"0":[1],"1":[0,5]},"_coverageSchema":"1a1c01bbd47fc00a2c39e90264f33305004495a9","hash":"52e28d5fdbebe289d45c6400a185e8f25ef601d3"}
,"I:\\CursoJS\\UdemyJS\\React-Nextjs\\project-6-lp-front\\src\\components\\Menu\\styles.js": {"path":"I:\\CursoJS\\UdemyJS\\React-Nextjs\\project-6-lp-front\\src\\components\\Menu\\styles.js","statementMap":{"0":{"start":{"line":5,"column":20},"end":{"line":8,"column":1}},"1":{"start":{"line":5,"column":31},"end":{"line":8,"column":1}},"2":{"start":{"line":10,"column":25},"end":{"line":54,"column":1}},"3":{"start":{"line":11,"column":28},"end":{"line":53,"column":3}},"4":{"start":{"line":56,"column":29},"end":{"line":68,"column":1}},"5":{"start":{"line":57,"column":19},"end":{"line":67,"column":3}},"6":{"start":{"line":70,"column":22},"end":{"line":95,"column":1}},"7":{"start":{"line":71,"column":28},"end":{"line":94,"column":3}}},"fnMap":{"0":{"name":"(anonymous_0)","decl":{"start":{"line":5,"column":20},"end":{"line":5,"column":21}},"loc":{"start":{"line":5,"column":31},"end":{"line":8,"column":1}},"line":5},"1":{"name":"(anonymous_1)","decl":{"start":{"line":11,"column":4},"end":{"line":11,"column":5}},"loc":{"start":{"line":11,"column":28},"end":{"line":53,"column":3}},"line":11},"2":{"name":"(anonymous_2)","decl":{"start":{"line":57,"column":4},"end":{"line":57,"column":5}},"loc":{"start":{"line":57,"column":19},"end":{"line":67,"column":3}},"line":57},"3":{"name":"(anonymous_3)","decl":{"start":{"line":71,"column":4},"end":{"line":71,"column":5}},"loc":{"start":{"line":71,"column":28},"end":{"line":94,"column":3}},"line":71}},"branchMap":{"0":{"loc":{"start":{"line":36,"column":8},"end":{"line":36,"column":37}},"type":"binary-expr","locations":[{"start":{"line":36,"column":8},"end":{"line":36,"column":15}},{"start":{"line":36,"column":19},"end":{"line":36,"column":37}}],"line":36},"1":{"loc":{"start":{"line":82,"column":24},"end":{"line":82,"column":48}},"type":"cond-expr","locations":[{"start":{"line":82,"column":34},"end":{"line":82,"column":40}},{"start":{"line":82,"column":43},"end":{"line":82,"column":48}}],"line":82}},"s":{"0":3,"1":0,"2":3,"3":5,"4":3,"5":5,"6":3,"7":5},"f":{"0":0,"1":5,"2":5,"3":5},"b":{"0":[5,0],"1":[0,5]},"_coverageSchema":"1a1c01bbd47fc00a2c39e90264f33305004495a9","hash":"1da9aadd3312da0d8cd6396869f8ff1be8fe6de3"}
,"I:\\CursoJS\\UdemyJS\\React-Nextjs\\project-6-lp-front\\src\\components\\MenuLink\\index.jsx": {"path":"I:\\CursoJS\\UdemyJS\\React-Nextjs\\project-6-lp-front\\src\\components\\MenuLink\\index.jsx","statementMap":{"0":{"start":{"line":3,"column":24},"end":{"line":11,"column":1}},"1":{"start":{"line":4,"column":17},"end":{"line":4,"column":44}},"2":{"start":{"line":6,"column":2},"end":{"line":10,"column":4}},"3":{"start":{"line":12,"column":0},"end":{"line":16,"column":2}}},"fnMap":{"0":{"name":"(anonymous_0)","decl":{"start":{"line":3,"column":24},"end":{"line":3,"column":25}},"loc":{"start":{"line":3,"column":64},"end":{"line":11,"column":1}},"line":3}},"branchMap":{"0":{"loc":{"start":{"line":3,"column":43},"end":{"line":3,"column":57}},"type":"default-arg","locations":[{"start":{"line":3,"column":52},"end":{"line":3,"column":57}}],"line":3},"1":{"loc":{"start":{"line":4,"column":17},"end":{"line":4,"column":44}},"type":"cond-expr","locations":[{"start":{"line":4,"column":26},"end":{"line":4,"column":34}},{"start":{"line":4,"column":37},"end":{"line":4,"column":44}}],"line":4}},"s":{"0":5,"1":73,"2":73,"3":5},"f":{"0":73},"b":{"0":[1],"1":[1,72]},"_coverageSchema":"1a1c01bbd47fc00a2c39e90264f33305004495a9","hash":"5e666deb91bbb1450045b0ae8bb87b4a6f989aaa"}
,"I:\\CursoJS\\UdemyJS\\React-Nextjs\\project-6-lp-front\\src\\components\\MenuLink\\styles.js": {"path":"I:\\CursoJS\\UdemyJS\\React-Nextjs\\project-6-lp-front\\src\\components\\MenuLink\\styles.js","statementMap":{"0":{"start":{"line":3,"column":25},"end":{"line":28,"column":1}},"1":{"start":{"line":4,"column":19},"end":{"line":27,"column":3}}},"fnMap":{"0":{"name":"(anonymous_0)","decl":{"start":{"line":4,"column":4},"end":{"line":4,"column":5}},"loc":{"start":{"line":4,"column":19},"end":{"line":27,"column":3}},"line":4}},"branchMap":{},"s":{"0":5,"1":73},"f":{"0":73},"b":{},"_coverageSchema":"1a1c01bbd47fc00a2c39e90264f33305004495a9","hash":"56b16a7c8d63fc1500f5c2c4f711835171278bc2"}
,"I:\\CursoJS\\UdemyJS\\React-Nextjs\\project-6-lp-front\\src\\components\\NavLinks\\index.jsx": {"path":"I:\\CursoJS\\UdemyJS\\React-Nextjs\\project-6-lp-front\\src\\components\\NavLinks\\index.jsx","statementMap":{"0":{"start":{"line":5,"column":24},"end":{"line":13,"column":1}},"1":{"start":{"line":6,"column":2},"end":{"line":12,"column":4}},"2":{"start":{"line":9,"column":8},"end":{"line":9,"column":46}},"3":{"start":{"line":14,"column":0},"end":{"line":22,"column":2}}},"fnMap":{"0":{"name":"(anonymous_0)","decl":{"start":{"line":5,"column":24},"end":{"line":5,"column":25}},"loc":{"start":{"line":5,"column":44},"end":{"line":13,"column":1}},"line":5},"1":{"name":"(anonymous_1)","decl":{"start":{"line":8,"column":17},"end":{"line":8,"column":18}},"loc":{"start":{"line":9,"column":8},"end":{"line":9,"column":46}},"line":9}},"branchMap":{"0":{"loc":{"start":{"line":5,"column":27},"end":{"line":5,"column":37}},"type":"default-arg","locations":[{"start":{"line":5,"column":35},"end":{"line":5,"column":37}}],"line":5}},"s":{"0":4,"1":9,"2":70,"3":4},"f":{"0":9,"1":70},"b":{"0":[1]},"_coverageSchema":"1a1c01bbd47fc00a2c39e90264f33305004495a9","hash":"187709b923220bf97d0cf1d7ffabccdb5ea2972d"}
,"I:\\CursoJS\\UdemyJS\\React-Nextjs\\project-6-lp-front\\src\\components\\NavLinks\\styles.js": {"path":"I:\\CursoJS\\UdemyJS\\React-Nextjs\\project-6-lp-front\\src\\components\\NavLinks\\styles.js","statementMap":{"0":{"start":{"line":3,"column":25},"end":{"line":13,"column":1}},"1":{"start":{"line":4,"column":19},"end":{"line":12,"column":3}}},"fnMap":{"0":{"name":"(anonymous_0)","decl":{"start":{"line":4,"column":4},"end":{"line":4,"column":5}},"loc":{"start":{"line":4,"column":19},"end":{"line":12,"column":3}},"line":4}},"branchMap":{},"s":{"0":4,"1":9},"f":{"0":9},"b":{},"_coverageSchema":"1a1c01bbd47fc00a2c39e90264f33305004495a9","hash":"38d8dd1dc0069f53a71ef89907fa4f18cb0c5ad0"}
,"I:\\CursoJS\\UdemyJS\\React-Nextjs\\project-6-lp-front\\src\\components\\SectionBackgroud\\index.jsx": {"path":"I:\\CursoJS\\UdemyJS\\React-Nextjs\\project-6-lp-front\\src\\components\\SectionBackgroud\\index.jsx","statementMap":{"0":{"start":{"line":5,"column":32},"end":{"line":11,"column":1}},"1":{"start":{"line":6,"column":2},"end":{"line":10,"column":4}},"2":{"start":{"line":12,"column":0},"end":{"line":15,"column":2}}},"fnMap":{"0":{"name":"(anonymous_0)","decl":{"start":{"line":5,"column":32},"end":{"line":5,"column":33}},"loc":{"start":{"line":5,"column":70},"end":{"line":11,"column":1}},"line":5}},"branchMap":{"0":{"loc":{"start":{"line":5,"column":45},"end":{"line":5,"column":63}},"type":"default-arg","locations":[{"start":{"line":5,"column":58},"end":{"line":5,"column":63}}],"line":5}},"s":{"0":7,"1":19,"2":7},"f":{"0":19},"b":{"0":[0]},"_coverageSchema":"1a1c01bbd47fc00a2c39e90264f33305004495a9","hash":"91a2fccff9c4a3eef310e419065f997f5c0e075f"}
,"I:\\CursoJS\\UdemyJS\\React-Nextjs\\project-6-lp-front\\src\\components\\SectionBackgroud\\styles.js": {"path":"I:\\CursoJS\\UdemyJS\\React-Nextjs\\project-6-lp-front\\src\\components\\SectionBackgroud\\styles.js","statementMap":{"0":{"start":{"line":3,"column":36},"end":{"line":6,"column":1}},"1":{"start":{"line":3,"column":47},"end":{"line":6,"column":1}},"2":{"start":{"line":8,"column":25},"end":{"line":19,"column":1}},"3":{"start":{"line":9,"column":31},"end":{"line":18,"column":3}}},"fnMap":{"0":{"name":"(anonymous_0)","decl":{"start":{"line":3,"column":36},"end":{"line":3,"column":37}},"loc":{"start":{"line":3,"column":47},"end":{"line":6,"column":1}},"line":3},"1":{"name":"(anonymous_1)","decl":{"start":{"line":9,"column":4},"end":{"line":9,"column":5}},"loc":{"start":{"line":9,"column":31},"end":{"line":18,"column":3}},"line":9}},"branchMap":{"0":{"loc":{"start":{"line":14,"column":6},"end":{"line":14,"column":54}},"type":"binary-expr","locations":[{"start":{"line":14,"column":6},"end":{"line":14,"column":16}},{"start":{"line":14,"column":20},"end":{"line":14,"column":54}}],"line":14}},"s":{"0":7,"1":6,"2":7,"3":19},"f":{"0":6,"1":19},"b":{"0":[19,6]},"_coverageSchema":"1a1c01bbd47fc00a2c39e90264f33305004495a9","hash":"1edec6afcfd51c259f1c35a212a009fe6bff7556"}
,"I:\\CursoJS\\UdemyJS\\React-Nextjs\\project-6-lp-front\\src\\components\\SectionContainer\\index.jsx": {"path":"I:\\CursoJS\\UdemyJS\\React-Nextjs\\project-6-lp-front\\src\\components\\SectionContainer\\index.jsx","statementMap":{"0":{"start":{"line":3,"column":32},"end":{"line":5,"column":1}},"1":{"start":{"line":4,"column":2},"end":{"line":4,"column":57}},"2":{"start":{"line":6,"column":0},"end":{"line":8,"column":2}}},"fnMap":{"0":{"name":"(anonymous_0)","decl":{"start":{"line":3,"column":32},"end":{"line":3,"column":33}},"loc":{"start":{"line":3,"column":50},"end":{"line":5,"column":1}},"line":3}},"branchMap":{},"s":{"0":10,"1":28,"2":10},"f":{"0":28},"b":{},"_coverageSchema":"1a1c01bbd47fc00a2c39e90264f33305004495a9","hash":"293d26816f2c00fafb0f84a9bb36a0a361f410fc"}
,"I:\\CursoJS\\UdemyJS\\React-Nextjs\\project-6-lp-front\\src\\components\\SectionContainer\\styles.js": {"path":"I:\\CursoJS\\UdemyJS\\React-Nextjs\\project-6-lp-front\\src\\components\\SectionContainer\\styles.js","statementMap":{"0":{"start":{"line":3,"column":25},"end":{"line":9,"column":1}},"1":{"start":{"line":4,"column":19},"end":{"line":8,"column":3}}},"fnMap":{"0":{"name":"(anonymous_0)","decl":{"start":{"line":4,"column":4},"end":{"line":4,"column":5}},"loc":{"start":{"line":4,"column":19},"end":{"line":8,"column":3}},"line":4}},"branchMap":{},"s":{"0":10,"1":28},"f":{"0":28},"b":{},"_coverageSchema":"1a1c01bbd47fc00a2c39e90264f33305004495a9","hash":"64f2886b39c144ac1fb5f6536e13bd351543f26e"}
,"I:\\CursoJS\\UdemyJS\\React-Nextjs\\project-6-lp-front\\src\\components\\TextComponent\\index.jsx": {"path":"I:\\CursoJS\\UdemyJS\\React-Nextjs\\project-6-lp-front\\src\\components\\TextComponent\\index.jsx","statementMap":{"0":{"start":{"line":3,"column":29},"end":{"line":5,"column":1}},"1":{"start":{"line":4,"column":2},"end":{"line":4,"column":77}},"2":{"start":{"line":6,"column":0},"end":{"line":8,"column":2}}},"fnMap":{"0":{"name":"(anonymous_0)","decl":{"start":{"line":3,"column":29},"end":{"line":3,"column":30}},"loc":{"start":{"line":3,"column":47},"end":{"line":5,"column":1}},"line":3}},"branchMap":{},"s":{"0":7,"1":64,"2":7},"f":{"0":64},"b":{},"_coverageSchema":"1a1c01bbd47fc00a2c39e90264f33305004495a9","hash":"fc9c76756dc45fef7f64558a3c9abaaed298e7a2"}
,"I:\\CursoJS\\UdemyJS\\React-Nextjs\\project-6-lp-front\\src\\components\\TextComponent\\styles.js": {"path":"I:\\CursoJS\\UdemyJS\\React-Nextjs\\project-6-lp-front\\src\\components\\TextComponent\\styles.js","statementMap":{"0":{"start":{"line":3,"column":25},"end":{"line":7,"column":1}},"1":{"start":{"line":4,"column":19},"end":{"line":6,"column":3}}},"fnMap":{"0":{"name":"(anonymous_0)","decl":{"start":{"line":4,"column":4},"end":{"line":4,"column":5}},"loc":{"start":{"line":4,"column":19},"end":{"line":6,"column":3}},"line":4}},"branchMap":{},"s":{"0":7,"1":64},"f":{"0":64},"b":{},"_coverageSchema":"1a1c01bbd47fc00a2c39e90264f33305004495a9","hash":"e292411a2b7d1564e00e533fcf4d8661782277f4"}
,"I:\\CursoJS\\UdemyJS\\React-Nextjs\\project-6-lp-front\\src\\templates\\App\\index.jsx": {"path":"I:\\CursoJS\\UdemyJS\\React-Nextjs\\project-6-lp-front\\src\\templates\\App\\index.jsx","statementMap":{"0":{"start":{"line":5,"column":2},"end":{"line":5,"column":32}}},"fnMap":{"0":{"name":"Home","decl":{"start":{"line":4,"column":9},"end":{"line":4,"column":13}},"loc":{"start":{"line":4,"column":16},"end":{"line":6,"column":1}},"line":4}},"branchMap":{},"s":{"0":1},"f":{"0":1},"b":{},"_coverageSchema":"1a1c01bbd47fc00a2c39e90264f33305004495a9","hash":"185ef8e4d2c577ddeb5221acca26440c683af8c0"}
,"I:\\CursoJS\\UdemyJS\\React-Nextjs\\project-6-lp-front\\src\\templates\\App\\styles.js": {"path":"I:\\CursoJS\\UdemyJS\\React-Nextjs\\project-6-lp-front\\src\\templates\\App\\styles.js","statementMap":{"0":{"start":{"line":3,"column":23},"end":{"line":5,"column":1}}},"fnMap":{},"branchMap":{},"s":{"0":0},"f":{},"b":{}}
,"I:\\CursoJS\\UdemyJS\\React-Nextjs\\project-6-lp-front\\src\\templates\\Base\\index.jsx": {"path":"I:\\CursoJS\\UdemyJS\\React-Nextjs\\project-6-lp-front\\src\\templates\\Base\\index.jsx","statementMap":{"0":{"start":{"line":7,"column":20},"end":{"line":18,"column":1}},"1":{"start":{"line":8,"column":2},"end":{"line":17,"column":4}},"2":{"start":{"line":19,"column":0},"end":{"line":23,"column":2}}},"fnMap":{"0":{"name":"(anonymous_0)","decl":{"start":{"line":7,"column":20},"end":{"line":7,"column":21}},"loc":{"start":{"line":7,"column":72},"end":{"line":18,"column":1}},"line":7}},"branchMap":{"0":{"loc":{"start":{"line":7,"column":23},"end":{"line":7,"column":33}},"type":"default-arg","locations":[{"start":{"line":7,"column":31},"end":{"line":7,"column":33}}],"line":7}},"s":{"0":2,"1":2,"2":2},"f":{"0":2},"b":{"0":[0]},"_coverageSchema":"1a1c01bbd47fc00a2c39e90264f33305004495a9","hash":"5aea23e5bc5204c1669f5f8225ae2f9d8f9624e4"}
,"I:\\CursoJS\\UdemyJS\\React-Nextjs\\project-6-lp-front\\src\\templates\\Base\\styles.js": {"path":"I:\\CursoJS\\UdemyJS\\React-Nextjs\\project-6-lp-front\\src\\templates\\Base\\styles.js","statementMap":{"0":{"start":{"line":4,"column":25},"end":{"line":12,"column":1}},"1":{"start":{"line":5,"column":19},"end":{"line":11,"column":3}}},"fnMap":{"0":{"name":"(anonymous_0)","decl":{"start":{"line":5,"column":4},"end":{"line":5,"column":5}},"loc":{"start":{"line":5,"column":19},"end":{"line":11,"column":3}},"line":5}},"branchMap":{},"s":{"0":2,"1":2},"f":{"0":2},"b":{},"_coverageSchema":"1a1c01bbd47fc00a2c39e90264f33305004495a9","hash":"ca71298777aefab87dff7c5bd9bcc591ee56d8bd"}
}
