TN:
SF:src\main.jsx
FNF:0
FNH:0
DA:9,0
LF:1
LH:0
BRF:0
BRH:0
end_of_record
TN:
SF:src\components\Footer\index.jsx
FN:6,(anonymous_0)
FNF:1
FNH:1
FNDA:3,(anonymous_0)
DA:6,3
DA:7,3
DA:15,3
LF:3
LH:3
BRF:0
BRH:0
end_of_record
TN:
SF:src\components\Footer\styles.js
FN:6,(anonymous_0)
FNF:1
FNH:1
FNDA:3,(anonymous_0)
DA:5,3
DA:6,3
LF:2
LH:2
BRF:0
BRH:0
end_of_record
TN:
SF:src\components\GoTop\index.jsx
FN:5,(anonymous_0)
FNF:1
FNH:1
FNDA:3,(anonymous_0)
DA:5,3
DA:6,3
LF:2
LH:2
BRF:0
BRH:0
end_of_record
TN:
SF:src\components\GoTop\styles.js
FN:4,(anonymous_0)
FNF:1
FNH:1
FNDA:3,(anonymous_0)
DA:3,3
DA:4,3
LF:2
LH:2
BRF:0
BRH:0
end_of_record
TN:
SF:src\components\GridContent\index.jsx
FN:6,(anonymous_0)
FNF:1
FNH:1
FNDA:2,(anonymous_0)
DA:6,1
DA:7,2
DA:20,1
LF:3
LH:3
BRDA:6,0,0,1
BRF:1
BRH:1
end_of_record
TN:
SF:src\components\GridContent\styles.js
FN:4,(anonymous_0)
FN:12,(anonymous_1)
FNF:2
FNH:2
FNDA:2,(anonymous_0)
FNDA:2,(anonymous_1)
DA:3,1
DA:4,2
DA:11,1
DA:12,2
LF:4
LH:4
BRF:0
BRH:0
end_of_record
TN:
SF:src\components\GridImage\index.jsx
FN:6,(anonymous_0)
FN:15,(anonymous_1)
FNF:2
FNH:2
FNDA:2,(anonymous_0)
FNDA:12,(anonymous_1)
DA:6,1
DA:7,2
DA:16,12
DA:25,1
LF:4
LH:4
BRDA:6,0,0,1
BRF:1
BRH:1
end_of_record
TN:
SF:src\components\GridImage\styles.js
FN:5,(anonymous_0)
FN:11,(anonymous_1)
FN:20,(anonymous_2)
FN:26,(anonymous_3)
FNF:4
FNH:4
FNDA:2,(anonymous_0)
FNDA:2,(anonymous_1)
FNDA:12,(anonymous_2)
FNDA:12,(anonymous_3)
DA:4,1
DA:5,2
DA:10,1
DA:11,2
DA:19,1
DA:20,12
DA:25,1
DA:26,12
LF:8
LH:8
BRF:0
BRH:0
end_of_record
TN:
SF:src\components\GridText\index.jsx
FN:7,(anonymous_0)
FN:16,(anonymous_1)
FNF:2
FNH:2
FNDA:14,(anonymous_0)
FNDA:42,(anonymous_1)
DA:7,3
DA:8,14
DA:17,42
DA:29,3
LF:4
LH:4
BRDA:7,0,0,1
BRF:1
BRH:1
end_of_record
TN:
SF:src\components\GridText\styles.js
FN:5,(anonymous_0)
FN:11,(anonymous_1)
FN:24,(anonymous_2)
FNF:3
FNH:3
FNDA:14,(anonymous_0)
FNDA:14,(anonymous_1)
FNDA:42,(anonymous_2)
DA:4,3
DA:5,14
DA:10,3
DA:11,14
DA:23,3
DA:24,42
LF:6
LH:6
BRF:0
BRH:0
end_of_record
TN:
SF:src\components\GridTwoColumn\index.jsx
FN:7,(anonymous_0)
FNF:1
FNH:1
FNDA:1,(anonymous_0)
DA:7,1
DA:8,1
DA:24,1
LF:3
LH:3
BRDA:7,0,0,1
BRF:1
BRH:1
end_of_record
TN:
SF:src\components\GridTwoColumn\styles.js
FN:5,(anonymous_0)
FN:23,(anonymous_1)
FN:31,(anonymous_2)
FN:35,(anonymous_3)
FNF:4
FNH:4
FNDA:1,(anonymous_0)
FNDA:1,(anonymous_1)
FNDA:1,(anonymous_2)
FNDA:1,(anonymous_3)
DA:4,1
DA:5,1
DA:22,1
DA:23,1
DA:30,1
DA:31,1
DA:34,1
DA:35,1
LF:8
LH:8
BRF:0
BRH:0
end_of_record
TN:
SF:src\components\Heading\index.jsx
FN:5,(anonymous_0)
FNF:1
FNH:1
FNDA:75,(anonymous_0)
DA:5,9
DA:12,75
DA:24,9
LF:3
LH:3
BRDA:7,0,0,13
BRDA:8,1,0,13
BRDA:9,2,0,7
BRDA:10,3,0,47
BRF:4
BRH:4
end_of_record
TN:
SF:src\components\Heading\styles.js
FN:4,(anonymous_0)
FN:7,(anonymous_1)
FN:10,(anonymous_2)
FN:13,(anonymous_3)
FN:19,(anonymous_4)
FN:25,(anonymous_5)
FN:30,(anonymous_6)
FNF:7
FNH:6
FNDA:9,(anonymous_0)
FNDA:42,(anonymous_1)
FNDA:0,(anonymous_2)
FNDA:24,(anonymous_3)
FNDA:24,(anonymous_4)
FNDA:75,(anonymous_5)
FNDA:75,(anonymous_6)
DA:3,9
DA:4,9
DA:7,42
DA:10,0
DA:13,24
DA:19,24
DA:25,75
DA:29,9
DA:30,75
LF:9
LH:8
BRDA:26,0,0,28
BRDA:26,0,1,47
BRDA:31,1,0,50
BRDA:31,1,1,25
BRF:4
BRH:4
end_of_record
TN:
SF:src\components\LogoLink\index.jsx
FN:5,(anonymous_0)
FNF:1
FNH:1
FNDA:8,(anonymous_0)
DA:5,4
DA:6,8
DA:15,4
LF:3
LH:3
BRDA:5,0,0,6
BRDA:9,1,0,8
BRDA:9,1,1,2
BRDA:10,2,0,8
BRDA:10,2,1,6
BRF:5
BRH:5
end_of_record
TN:
SF:src\components\LogoLink\styles.js
FN:4,(anonymous_0)
FNF:1
FNH:1
FNDA:8,(anonymous_0)
DA:3,4
DA:4,8
LF:2
LH:2
BRF:0
BRH:0
end_of_record
TN:
SF:src\components\Menu\index.jsx
FN:10,(anonymous_0)
FN:17,(anonymous_1)
FN:26,(anonymous_2)
FNF:3
FNH:1
FNDA:5,(anonymous_0)
FNDA:0,(anonymous_1)
FNDA:0,(anonymous_2)
DA:10,3
DA:11,5
DA:13,5
DA:17,0
DA:26,0
DA:37,3
LF:6
LH:4
BRDA:10,0,0,1
BRDA:20,1,0,0
BRDA:20,1,1,5
BRF:3
BRH:2
end_of_record
TN:
SF:src\components\Menu\styles.js
FN:5,(anonymous_0)
FN:11,(anonymous_1)
FN:57,(anonymous_2)
FN:71,(anonymous_3)
FNF:4
FNH:3
FNDA:0,(anonymous_0)
FNDA:5,(anonymous_1)
FNDA:5,(anonymous_2)
FNDA:5,(anonymous_3)
DA:5,3
DA:10,3
DA:11,5
DA:56,3
DA:57,5
DA:70,3
DA:71,5
LF:7
LH:7
BRDA:36,0,0,5
BRDA:36,0,1,0
BRDA:82,1,0,0
BRDA:82,1,1,5
BRF:4
BRH:2
end_of_record
TN:
SF:src\components\MenuLink\index.jsx
FN:3,(anonymous_0)
FNF:1
FNH:1
FNDA:73,(anonymous_0)
DA:3,5
DA:4,73
DA:6,73
DA:12,5
LF:4
LH:4
BRDA:3,0,0,1
BRDA:4,1,0,1
BRDA:4,1,1,72
BRF:3
BRH:3
end_of_record
TN:
SF:src\components\MenuLink\styles.js
FN:4,(anonymous_0)
FNF:1
FNH:1
FNDA:73,(anonymous_0)
DA:3,5
DA:4,73
LF:2
LH:2
BRF:0
BRH:0
end_of_record
TN:
SF:src\components\NavLinks\index.jsx
FN:5,(anonymous_0)
FN:8,(anonymous_1)
FNF:2
FNH:2
FNDA:9,(anonymous_0)
FNDA:70,(anonymous_1)
DA:5,4
DA:6,9
DA:9,70
DA:14,4
LF:4
LH:4
BRDA:5,0,0,1
BRF:1
BRH:1
end_of_record
TN:
SF:src\components\NavLinks\styles.js
FN:4,(anonymous_0)
FNF:1
FNH:1
FNDA:9,(anonymous_0)
DA:3,4
DA:4,9
LF:2
LH:2
BRF:0
BRH:0
end_of_record
TN:
SF:src\components\SectionBackgroud\index.jsx
FN:5,(anonymous_0)
FNF:1
FNH:1
FNDA:19,(anonymous_0)
DA:5,7
DA:6,19
DA:12,7
LF:3
LH:3
BRDA:5,0,0,0
BRF:1
BRH:0
end_of_record
TN:
SF:src\components\SectionBackgroud\styles.js
FN:3,(anonymous_0)
FN:9,(anonymous_1)
FNF:2
FNH:2
FNDA:6,(anonymous_0)
FNDA:19,(anonymous_1)
DA:3,7
DA:8,7
DA:9,19
LF:3
LH:3
BRDA:14,0,0,19
BRDA:14,0,1,6
BRF:2
BRH:2
end_of_record
TN:
SF:src\components\SectionContainer\index.jsx
FN:3,(anonymous_0)
FNF:1
FNH:1
FNDA:28,(anonymous_0)
DA:3,10
DA:4,28
DA:6,10
LF:3
LH:3
BRF:0
BRH:0
end_of_record
TN:
SF:src\components\SectionContainer\styles.js
FN:4,(anonymous_0)
FNF:1
FNH:1
FNDA:28,(anonymous_0)
DA:3,10
DA:4,28
LF:2
LH:2
BRF:0
BRH:0
end_of_record
TN:
SF:src\components\TextComponent\index.jsx
FN:3,(anonymous_0)
FNF:1
FNH:1
FNDA:64,(anonymous_0)
DA:3,7
DA:4,64
DA:6,7
LF:3
LH:3
BRF:0
BRH:0
end_of_record
TN:
SF:src\components\TextComponent\styles.js
FN:4,(anonymous_0)
FNF:1
FNH:1
FNDA:64,(anonymous_0)
DA:3,7
DA:4,64
LF:2
LH:2
BRF:0
BRH:0
end_of_record
TN:
SF:src\templates\App\index.jsx
FN:4,Home
FNF:1
FNH:1
FNDA:1,Home
DA:5,1
LF:1
LH:1
BRF:0
BRH:0
end_of_record
TN:
SF:src\templates\App\styles.js
FNF:0
FNH:0
DA:3,0
LF:1
LH:0
BRF:0
BRH:0
end_of_record
TN:
SF:src\templates\Base\index.jsx
FN:7,(anonymous_0)
FNF:1
FNH:1
FNDA:2,(anonymous_0)
DA:7,2
DA:8,2
DA:19,2
LF:3
LH:3
BRDA:7,0,0,0
BRF:1
BRH:0
end_of_record
TN:
SF:src\templates\Base\styles.js
FN:5,(anonymous_0)
FNF:1
FNH:1
FNDA:2,(anonymous_0)
DA:4,2
DA:5,2
LF:2
LH:2
BRF:0
BRH:0
end_of_record
